DEBUG : 2018-12-13 12:19:57,457 : views : Spotify_getToken : request : {}
DEBUG : 2018-12-13 12:19:57,739 : views : Spotify_getToken : response : {'spotify_url': 'https://accounts.spotify.com/login?continue=https%3A%2F%2Faccounts.spotify.com%2Fauthorize%3Fscope%3Duser-top-read%252Cuser-read-recently-played%252Cuser-read-email%252Cuser-read-birthdate%252Cuser-read-private%252Cplaylist-read-collaborative%252Cplaylist-read-private%252Cuser-library-read%252Cuser-read-playback-state%252Cuser-read-currently-playing%26response_type%3Dcode%26client_id%3De9c36faf168a4d30b49f0d846654dcc4%26redirect_uri%3Dhttp%253A%252F%252Fdjango-env.9vpht7kqsd.eu-west-1.elasticbeanstalk.com%252Fspotify%252Fredirect%252F%26state%3Dc219a1cf-ee84-4cde-94fe-d1fc83457c85%26show_dialog%3Dtrue'}
DEBUG : 2018-12-13 12:19:58,413 : views : Spotify_getToken : request : {}
DEBUG : 2018-12-13 12:19:58,665 : views : Spotify_getToken : response : {'spotify_url': 'https://accounts.spotify.com/login?continue=https%3A%2F%2Faccounts.spotify.com%2Fauthorize%3Fscope%3Duser-top-read%252Cuser-read-recently-played%252Cuser-read-email%252Cuser-read-birthdate%252Cuser-read-private%252Cplaylist-read-collaborative%252Cplaylist-read-private%252Cuser-library-read%252Cuser-read-playback-state%252Cuser-read-currently-playing%26response_type%3Dcode%26client_id%3De9c36faf168a4d30b49f0d846654dcc4%26redirect_uri%3Dhttp%253A%252F%252Fdjango-env.9vpht7kqsd.eu-west-1.elasticbeanstalk.com%252Fspotify%252Fredirect%252F%26state%3D49796b50-569e-4751-a732-df0602196d1b%26show_dialog%3Dtrue'}
DEBUG : 2018-12-13 12:21:15,536 : views : Spotify_getToken : request : {}
DEBUG : 2018-12-13 12:21:15,539 : spotify_calls : getState : saved user : 
DEBUG : 2018-12-13 12:21:15,808 : views : Spotify_getToken : response : {'spotify_url': 'https://accounts.spotify.com/login?continue=https%3A%2F%2Faccounts.spotify.com%2Fauthorize%3Fscope%3Duser-top-read%252Cuser-read-recently-played%252Cuser-read-email%252Cuser-read-birthdate%252Cuser-read-private%252Cplaylist-read-collaborative%252Cplaylist-read-private%252Cuser-library-read%252Cuser-read-playback-state%252Cuser-read-currently-playing%26response_type%3Dcode%26client_id%3De9c36faf168a4d30b49f0d846654dcc4%26redirect_uri%3Dhttp%253A%252F%252Fdjango-env.9vpht7kqsd.eu-west-1.elasticbeanstalk.com%252Fspotify%252Fredirect%252F%26state%3D5df006e8-6c33-4164-ac5a-33c2c10311db%26show_dialog%3Dtrue'}
DEBUG : 2018-12-13 12:21:16,563 : views : Spotify_getToken : request : {}
DEBUG : 2018-12-13 12:21:16,565 : spotify_calls : getState : saved user : 
DEBUG : 2018-12-13 12:21:16,830 : views : Spotify_getToken : response : {'spotify_url': 'https://accounts.spotify.com/login?continue=https%3A%2F%2Faccounts.spotify.com%2Fauthorize%3Fscope%3Duser-top-read%252Cuser-read-recently-played%252Cuser-read-email%252Cuser-read-birthdate%252Cuser-read-private%252Cplaylist-read-collaborative%252Cplaylist-read-private%252Cuser-library-read%252Cuser-read-playback-state%252Cuser-read-currently-playing%26response_type%3Dcode%26client_id%3De9c36faf168a4d30b49f0d846654dcc4%26redirect_uri%3Dhttp%253A%252F%252Fdjango-env.9vpht7kqsd.eu-west-1.elasticbeanstalk.com%252Fspotify%252Fredirect%252F%26state%3Dca1aecb7-1d81-492d-b52b-0de92622737b%26show_dialog%3Dtrue'}
DEBUG : 2018-12-13 12:23:32,102 : views : Spotify_getToken : request : {}
DEBUG : 2018-12-13 12:23:32,105 : spotify_calls : getState : saved user : {'_state': <django.db.models.base.ModelState object at 0x10bd6fac8>, 'id': 1, 'user_id': 'sven', 'state': '2a90b14b-89ce-43d7-aa71-d1e64f25fe79', 'access_token': '', 'scope': '', 'expires_in': 0, 'refresh_token': '', 'spotify_state': UUID('0c57133d-862e-4cdd-aaee-7f904b84acc5')}
DEBUG : 2018-12-13 12:23:32,385 : views : Spotify_getToken : response : {'spotify_url': 'https://accounts.spotify.com/login?continue=https%3A%2F%2Faccounts.spotify.com%2Fauthorize%3Fscope%3Duser-top-read%252Cuser-read-recently-played%252Cuser-read-email%252Cuser-read-birthdate%252Cuser-read-private%252Cplaylist-read-collaborative%252Cplaylist-read-private%252Cuser-library-read%252Cuser-read-playback-state%252Cuser-read-currently-playing%26response_type%3Dcode%26client_id%3De9c36faf168a4d30b49f0d846654dcc4%26redirect_uri%3Dhttp%253A%252F%252Fdjango-env.9vpht7kqsd.eu-west-1.elasticbeanstalk.com%252Fspotify%252Fredirect%252F%26state%3D0c57133d-862e-4cdd-aaee-7f904b84acc5%26show_dialog%3Dtrue'}
DEBUG : 2018-12-13 12:23:34,364 : views : Spotify_getToken : request : {}
DEBUG : 2018-12-13 12:23:34,366 : spotify_calls : getState : saved user : {'_state': <django.db.models.base.ModelState object at 0x10c5685c0>, 'id': 1, 'user_id': 'sven', 'state': '2a90b14b-89ce-43d7-aa71-d1e64f25fe79', 'access_token': '', 'scope': '', 'expires_in': 0, 'refresh_token': '', 'spotify_state': UUID('4f090353-fe99-4160-aa5e-81732f746204')}
DEBUG : 2018-12-13 12:23:34,626 : views : Spotify_getToken : response : {'spotify_url': 'https://accounts.spotify.com/login?continue=https%3A%2F%2Faccounts.spotify.com%2Fauthorize%3Fscope%3Duser-top-read%252Cuser-read-recently-played%252Cuser-read-email%252Cuser-read-birthdate%252Cuser-read-private%252Cplaylist-read-collaborative%252Cplaylist-read-private%252Cuser-library-read%252Cuser-read-playback-state%252Cuser-read-currently-playing%26response_type%3Dcode%26client_id%3De9c36faf168a4d30b49f0d846654dcc4%26redirect_uri%3Dhttp%253A%252F%252Fdjango-env.9vpht7kqsd.eu-west-1.elasticbeanstalk.com%252Fspotify%252Fredirect%252F%26state%3D4f090353-fe99-4160-aa5e-81732f746204%26show_dialog%3Dtrue'}
DEBUG : 2018-12-13 12:30:17,862 : views : Spotify_getToken : request : {}
DEBUG : 2018-12-13 12:31:04,773 : views : Spotify_getToken : request : {}
DEBUG : 2018-12-13 12:31:04,776 : spotify_calls : getState state : c735d636-8645-439e-9ee3-1fe9cba9d982 user_id : sven
DEBUG : 2018-12-13 12:31:05,039 : views : Spotify_getToken : response : {'spotify_url': 'https://accounts.spotify.com/login?continue=https%3A%2F%2Faccounts.spotify.com%2Fauthorize%3Fscope%3Duser-top-read%252Cuser-read-recently-played%252Cuser-read-email%252Cuser-read-birthdate%252Cuser-read-private%252Cplaylist-read-collaborative%252Cplaylist-read-private%252Cuser-library-read%252Cuser-read-playback-state%252Cuser-read-currently-playing%26response_type%3Dcode%26client_id%3De9c36faf168a4d30b49f0d846654dcc4%26redirect_uri%3Dhttp%253A%252F%252Fdjango-env.9vpht7kqsd.eu-west-1.elasticbeanstalk.com%252Fspotify%252Fredirect%252F%26state%3Dc735d636-8645-439e-9ee3-1fe9cba9d982%26show_dialog%3Dtrue'}
DEBUG : 2018-12-13 12:36:19,625 : views : Spotify_getToken : request : {}
DEBUG : 2018-12-13 12:36:19,627 : spotify_calls : getState state : 37e5bc37-5b7a-4f29-906a-d25b827f019f user_id : sven scope :  access_token :  refresh_token :  expires_in : 0
DEBUG : 2018-12-13 12:36:19,901 : views : Spotify_getToken : response : {'spotify_url': 'https://accounts.spotify.com/login?continue=https%3A%2F%2Faccounts.spotify.com%2Fauthorize%3Fscope%3Duser-top-read%252Cuser-read-recently-played%252Cuser-read-email%252Cuser-read-birthdate%252Cuser-read-private%252Cplaylist-read-collaborative%252Cplaylist-read-private%252Cuser-library-read%252Cuser-read-playback-state%252Cuser-read-currently-playing%26response_type%3Dcode%26client_id%3De9c36faf168a4d30b49f0d846654dcc4%26redirect_uri%3Dhttp%253A%252F%252Fdjango-env.9vpht7kqsd.eu-west-1.elasticbeanstalk.com%252Fspotify%252Fredirect%252F%26state%3D37e5bc37-5b7a-4f29-906a-d25b827f019f%26show_dialog%3Dtrue'}
DEBUG : 2018-12-13 12:36:20,897 : views : Spotify_getToken : request : {}
DEBUG : 2018-12-13 12:36:20,899 : spotify_calls : getState state : c861da8c-01db-4f2a-b2a0-2e1ff0a69d89 user_id : sven scope :  access_token :  refresh_token :  expires_in : 0
DEBUG : 2018-12-13 12:36:21,201 : views : Spotify_getToken : response : {'spotify_url': 'https://accounts.spotify.com/login?continue=https%3A%2F%2Faccounts.spotify.com%2Fauthorize%3Fscope%3Duser-top-read%252Cuser-read-recently-played%252Cuser-read-email%252Cuser-read-birthdate%252Cuser-read-private%252Cplaylist-read-collaborative%252Cplaylist-read-private%252Cuser-library-read%252Cuser-read-playback-state%252Cuser-read-currently-playing%26response_type%3Dcode%26client_id%3De9c36faf168a4d30b49f0d846654dcc4%26redirect_uri%3Dhttp%253A%252F%252Fdjango-env.9vpht7kqsd.eu-west-1.elasticbeanstalk.com%252Fspotify%252Fredirect%252F%26state%3Dc861da8c-01db-4f2a-b2a0-2e1ff0a69d89%26show_dialog%3Dtrue'}
DEBUG : 2019-01-27 07:48:27,368 : views : Spotify_getToken : request : {}
DEBUG : 2019-01-27 07:48:27,375 : spotify_calls : getState after save state : 1a7e4c2d-ed34-447a-8615-049a1dd9c435 user_id : sven scope :  access_token :  refresh_token :  expires_in : 0
DEBUG : 2019-01-27 07:48:27,684 : views : Spotify_getToken : response : {'spotify_url': 'https://accounts.spotify.com/login?continue=https%3A%2F%2Faccounts.spotify.com%2Fauthorize%3Fscope%3Duser-top-read%252Cuser-read-recently-played%252Cuser-read-email%252Cuser-read-birthdate%252Cuser-read-private%252Cplaylist-read-collaborative%252Cplaylist-read-private%252Cuser-library-read%252Cuser-read-playback-state%252Cuser-read-currently-playing%26response_type%3Dcode%26client_id%3De9c36faf168a4d30b49f0d846654dcc4%26redirect_uri%3Dhttp%253A%252F%252Fdjango-env.9vpht7kqsd.eu-west-1.elasticbeanstalk.com%252Fspotify%252Fredirect%252F%26state%3D1a7e4c2d-ed34-447a-8615-049a1dd9c435%26show_dialog%3Dtrue'}
DEBUG : 2019-01-27 07:48:28,432 : views : Spotify_getToken : request : {}
DEBUG : 2019-01-27 07:48:28,453 : spotify_calls : getState after save state : fc1f25b8-bc02-430f-9126-e91e0f8e8b99 user_id : sven scope :  access_token :  refresh_token :  expires_in : 0
DEBUG : 2019-01-27 07:48:28,750 : views : Spotify_getToken : response : {'spotify_url': 'https://accounts.spotify.com/login?continue=https%3A%2F%2Faccounts.spotify.com%2Fauthorize%3Fscope%3Duser-top-read%252Cuser-read-recently-played%252Cuser-read-email%252Cuser-read-birthdate%252Cuser-read-private%252Cplaylist-read-collaborative%252Cplaylist-read-private%252Cuser-library-read%252Cuser-read-playback-state%252Cuser-read-currently-playing%26response_type%3Dcode%26client_id%3De9c36faf168a4d30b49f0d846654dcc4%26redirect_uri%3Dhttp%253A%252F%252Fdjango-env.9vpht7kqsd.eu-west-1.elasticbeanstalk.com%252Fspotify%252Fredirect%252F%26state%3Dfc1f25b8-bc02-430f-9126-e91e0f8e8b99%26show_dialog%3Dtrue'}
DEBUG : 2019-01-27 07:48:29,704 : views : Spotify_getToken : request : {}
DEBUG : 2019-01-27 07:48:29,708 : spotify_calls : getState after save state : 39f1786a-6c41-4495-996f-7b495849a24d user_id : sven scope :  access_token :  refresh_token :  expires_in : 0
DEBUG : 2019-01-27 07:48:30,003 : views : Spotify_getToken : response : {'spotify_url': 'https://accounts.spotify.com/login?continue=https%3A%2F%2Faccounts.spotify.com%2Fauthorize%3Fscope%3Duser-top-read%252Cuser-read-recently-played%252Cuser-read-email%252Cuser-read-birthdate%252Cuser-read-private%252Cplaylist-read-collaborative%252Cplaylist-read-private%252Cuser-library-read%252Cuser-read-playback-state%252Cuser-read-currently-playing%26response_type%3Dcode%26client_id%3De9c36faf168a4d30b49f0d846654dcc4%26redirect_uri%3Dhttp%253A%252F%252Fdjango-env.9vpht7kqsd.eu-west-1.elasticbeanstalk.com%252Fspotify%252Fredirect%252F%26state%3D39f1786a-6c41-4495-996f-7b495849a24d%26show_dialog%3Dtrue'}
DEBUG : 2019-01-27 07:48:32,554 : views : Spotify_getToken : request : {}
DEBUG : 2019-01-27 07:48:32,559 : spotify_calls : getState after save state : 82a46d4d-07b2-4a0f-bcc8-0b041c3c300b user_id : sven scope :  access_token :  refresh_token :  expires_in : 0
DEBUG : 2019-01-27 07:48:32,849 : views : Spotify_getToken : response : {'spotify_url': 'https://accounts.spotify.com/login?continue=https%3A%2F%2Faccounts.spotify.com%2Fauthorize%3Fscope%3Duser-top-read%252Cuser-read-recently-played%252Cuser-read-email%252Cuser-read-birthdate%252Cuser-read-private%252Cplaylist-read-collaborative%252Cplaylist-read-private%252Cuser-library-read%252Cuser-read-playback-state%252Cuser-read-currently-playing%26response_type%3Dcode%26client_id%3De9c36faf168a4d30b49f0d846654dcc4%26redirect_uri%3Dhttp%253A%252F%252Fdjango-env.9vpht7kqsd.eu-west-1.elasticbeanstalk.com%252Fspotify%252Fredirect%252F%26state%3D82a46d4d-07b2-4a0f-bcc8-0b041c3c300b%26show_dialog%3Dtrue'}
DEBUG : 2019-01-27 07:48:42,191 : views : Spotify_getToken : request : {}
DEBUG : 2019-01-27 07:48:42,197 : spotify_calls : getState after save state : 0e911ff7-b458-4f9c-93c6-c4145bc69e4e user_id : sven scope :  access_token :  refresh_token :  expires_in : 0
DEBUG : 2019-01-27 07:48:42,489 : views : Spotify_getToken : response : {'spotify_url': 'https://accounts.spotify.com/login?continue=https%3A%2F%2Faccounts.spotify.com%2Fauthorize%3Fscope%3Duser-top-read%252Cuser-read-recently-played%252Cuser-read-email%252Cuser-read-birthdate%252Cuser-read-private%252Cplaylist-read-collaborative%252Cplaylist-read-private%252Cuser-library-read%252Cuser-read-playback-state%252Cuser-read-currently-playing%26response_type%3Dcode%26client_id%3De9c36faf168a4d30b49f0d846654dcc4%26redirect_uri%3Dhttp%253A%252F%252Fdjango-env.9vpht7kqsd.eu-west-1.elasticbeanstalk.com%252Fspotify%252Fredirect%252F%26state%3D0e911ff7-b458-4f9c-93c6-c4145bc69e4e%26show_dialog%3Dtrue'}
DEBUG : 2019-01-27 07:49:43,392 : views : Spotify_getToken : request : {}
DEBUG : 2019-01-27 07:49:43,403 : spotify_calls : getState after save state : 70dbdd4c-f985-4ba5-973d-6d4c8268dbfa user_id : sven scope :  access_token :  refresh_token :  expires_in : 0
DEBUG : 2019-01-27 07:49:46,590 : views : Spotify_getToken : response : {'spotify_url': 'https://accounts.spotify.com/login?continue=https%3A%2F%2Faccounts.spotify.com%2Fauthorize%3Fscope%3Duser-top-read%252Cuser-read-recently-played%252Cuser-read-email%252Cuser-read-birthdate%252Cuser-read-private%252Cplaylist-read-collaborative%252Cplaylist-read-private%252Cuser-library-read%252Cuser-read-playback-state%252Cuser-read-currently-playing%26response_type%3Dcode%26client_id%3De9c36faf168a4d30b49f0d846654dcc4%26redirect_uri%3Dhttp%253A%252F%252Fdjango-env.9vpht7kqsd.eu-west-1.elasticbeanstalk.com%252Fspotify%252Fredirect%252F%26state%3D70dbdd4c-f985-4ba5-973d-6d4c8268dbfa%26show_dialog%3Dtrue'}
DEBUG : 2019-01-27 07:49:54,821 : views : Spotify_getToken : request : {}
DEBUG : 2019-01-27 07:49:54,829 : spotify_calls : getState after save state : cae072fe-5824-4c3a-92df-8c346808361a user_id : sven scope :  access_token :  refresh_token :  expires_in : 0
DEBUG : 2019-01-27 07:49:57,992 : views : Spotify_getToken : response : {'spotify_url': 'https://accounts.spotify.com/login?continue=https%3A%2F%2Faccounts.spotify.com%2Fauthorize%3Fscope%3Duser-top-read%252Cuser-read-recently-played%252Cuser-read-email%252Cuser-read-birthdate%252Cuser-read-private%252Cplaylist-read-collaborative%252Cplaylist-read-private%252Cuser-library-read%252Cuser-read-playback-state%252Cuser-read-currently-playing%26response_type%3Dcode%26client_id%3De9c36faf168a4d30b49f0d846654dcc4%26redirect_uri%3Dhttp%253A%252F%252Fdjango-env.9vpht7kqsd.eu-west-1.elasticbeanstalk.com%252Fspotify%252Fredirect%252F%26state%3Dcae072fe-5824-4c3a-92df-8c346808361a%26show_dialog%3Dtrue'}
DEBUG : 2019-01-27 07:51:08,702 : views : Spotify_getToken : request : {}
DEBUG : 2019-01-27 07:51:08,710 : spotify_calls : getState after save state : 2aab17fe-b639-4928-866b-b2a7f69a445a user_id : sven scope :  access_token :  refresh_token :  expires_in : 0
DEBUG : 2019-01-27 07:55:49,960 : views : Spotify_getToken : request : {}
DEBUG : 2019-01-27 07:55:49,969 : spotify_calls : getState after save state : e8ccfa1f-d737-487f-a933-acf3b1fc37d4 user_id : sven scope :  access_token :  refresh_token :  expires_in : 0
DEBUG : 2019-01-27 07:55:50,298 : views : Spotify_getToken : response : {'spotify_url': 'https://accounts.spotify.com/login?continue=https%3A%2F%2Faccounts.spotify.com%2Fauthorize%3Fscope%3Duser-top-read%252Cuser-read-recently-played%252Cuser-read-email%252Cuser-read-birthdate%252Cuser-read-private%252Cplaylist-read-collaborative%252Cplaylist-read-private%252Cuser-library-read%252Cuser-read-playback-state%252Cuser-read-currently-playing%26response_type%3Dcode%26client_id%3De9c36faf168a4d30b49f0d846654dcc4%26redirect_uri%3Dhttp%253A%252F%252Fdjango-env.9vpht7kqsd.eu-west-1.elasticbeanstalk.com%252Fspotify%252Fredirect%252F%26state%3De8ccfa1f-d737-487f-a933-acf3b1fc37d4%26show_dialog%3Dtrue'}
DEBUG : 2019-01-27 08:00:01,612 : views : Spotify_getToken : request : {}
DEBUG : 2019-01-27 08:00:01,621 : spotify_calls : getState after save state : 067e1ce1-3cff-45a8-a92f-3a618688aa0e user_id : sven scope :  access_token :  refresh_token :  expires_in : 0
DEBUG : 2019-01-27 08:00:01,955 : views : Spotify_getToken : response : {'spotify_url': 'https://accounts.spotify.com/login?continue=https%3A%2F%2Faccounts.spotify.com%2Fauthorize%3Fscope%3Duser-top-read%252Cuser-read-recently-played%252Cuser-read-email%252Cuser-read-birthdate%252Cuser-read-private%252Cplaylist-read-collaborative%252Cplaylist-read-private%252Cuser-library-read%252Cuser-read-playback-state%252Cuser-read-currently-playing%26response_type%3Dcode%26client_id%3De9c36faf168a4d30b49f0d846654dcc4%26redirect_uri%3Dhttp%253A%252F%252Fdjango-env.9vpht7kqsd.eu-west-1.elasticbeanstalk.com%252Fspotify%252Fredirect%252F%26state%3D067e1ce1-3cff-45a8-a92f-3a618688aa0e%26show_dialog%3Dtrue'}
DEBUG : 2019-03-01 12:19:55,843 : views : Spotify_getToken : request : {}
DEBUG : 2019-03-01 12:19:55,849 : spotify_calls : getState after save state : 79836270-be82-4d2c-ba56-0ae632bf0b19 user_id : sven scope :  access_token :  refresh_token :  expires_in : 0
DEBUG : 2019-03-01 12:19:56,163 : views : Spotify_getToken : response : {'spotify_url': 'https://accounts.spotify.com/login?continue=https%3A%2F%2Faccounts.spotify.com%2Fauthorize%3Fscope%3Duser-top-read%252Cuser-read-recently-played%252Cuser-read-email%252Cuser-read-birthdate%252Cuser-read-private%252Cplaylist-read-collaborative%252Cplaylist-read-private%252Cuser-library-read%252Cuser-read-playback-state%252Cuser-read-currently-playing%26response_type%3Dcode%26client_id%3De9c36faf168a4d30b49f0d846654dcc4%26redirect_uri%3Dhttp%253A%252F%252Fdjango-env.9vpht7kqsd.eu-west-1.elasticbeanstalk.com%252Fspotify%252Fredirect%252F%26state%3D79836270-be82-4d2c-ba56-0ae632bf0b19%26show_dialog%3Dtrue'}
DEBUG : 2019-03-01 12:19:58,172 : views : Spotify_getToken : request : {}
DEBUG : 2019-03-01 12:19:58,176 : spotify_calls : getState after save state : 2b5aa52c-a003-4df0-8900-851a0dfcb1ab user_id : sven scope :  access_token :  refresh_token :  expires_in : 0
DEBUG : 2019-03-01 12:19:58,471 : views : Spotify_getToken : response : {'spotify_url': 'https://accounts.spotify.com/login?continue=https%3A%2F%2Faccounts.spotify.com%2Fauthorize%3Fscope%3Duser-top-read%252Cuser-read-recently-played%252Cuser-read-email%252Cuser-read-birthdate%252Cuser-read-private%252Cplaylist-read-collaborative%252Cplaylist-read-private%252Cuser-library-read%252Cuser-read-playback-state%252Cuser-read-currently-playing%26response_type%3Dcode%26client_id%3De9c36faf168a4d30b49f0d846654dcc4%26redirect_uri%3Dhttp%253A%252F%252Fdjango-env.9vpht7kqsd.eu-west-1.elasticbeanstalk.com%252Fspotify%252Fredirect%252F%26state%3D2b5aa52c-a003-4df0-8900-851a0dfcb1ab%26show_dialog%3Dtrue'}
DEBUG : 2019-03-01 14:06:56,024 : views : Spotify_getToken : request : {}
DEBUG : 2019-03-01 14:06:56,027 : spotify_calls : getState after save state : b1d8af2b-0864-4fc9-a0d9-8abdb7c0639b user_id : sven scope :  access_token :  refresh_token :  expires_in : 0
DEBUG : 2019-03-01 14:06:56,496 : views : Spotify_getToken : response : {'spotify_url': 'https://accounts.spotify.com/login?continue=https%3A%2F%2Faccounts.spotify.com%2Fauthorize%3Fscope%3Duser-top-read%252Cuser-read-recently-played%252Cuser-read-email%252Cuser-read-birthdate%252Cuser-read-private%252Cplaylist-read-collaborative%252Cplaylist-read-private%252Cuser-library-read%252Cuser-read-playback-state%252Cuser-read-currently-playing%26response_type%3Dcode%26client_id%3De9c36faf168a4d30b49f0d846654dcc4%26redirect_uri%3Dhttp%253A%252F%252Fmusicmatcher-dev.eu-west-2.elasticbeanstalk.com%252Fspotify%252Fredirect%252F%26state%3Db1d8af2b-0864-4fc9-a0d9-8abdb7c0639b%26show_dialog%3Dtrue'}
DEBUG : 2019-03-01 15:20:04,967 : views : Spotify_getToken : request : {}
DEBUG : 2019-03-01 15:20:07,119 : views : Spotify_getToken : request : {}
DEBUG : 2019-03-01 15:20:16,621 : views : Spotify_getToken : request : {}
DEBUG : 2019-03-01 15:20:27,363 : views : Spotify_getToken : request : {}
DEBUG : 2019-03-01 15:23:37,143 : views : Spotify_getToken : request : {}
DEBUG : 2019-03-01 15:23:38,453 : views : Spotify_getToken : request : {}
DEBUG : 2019-03-01 15:29:10,785 : views : Spotify_getToken : request : {}
DEBUG : 2019-03-03 09:58:44,386 : views : Spotify_getToken : request : {}
DEBUG : 2019-03-03 09:58:44,695 : views : Spotify_getToken : response : {'spotify_url': 'https://accounts.spotify.com/login?continue=https%3A%2F%2Faccounts.spotify.com%2Fauthorize%3Fscope%3Duser-top-read%252Cuser-read-recently-played%252Cuser-read-email%252Cuser-read-birthdate%252Cuser-read-private%252Cplaylist-read-collaborative%252Cplaylist-read-private%252Cuser-library-read%252Cuser-read-playback-state%252Cuser-read-currently-playing%26response_type%3Dcode%26client_id%3De9c36faf168a4d30b49f0d846654dcc4%26redirect_uri%3Dhttp%253A%252F%252Fmusicmatcher-dev.eu-west-2.elasticbeanstalk.com%252Fspotify%252Fredirect%252F%26state%3D93c3a8ba-4edd-4aa5-b74e-ca875bf30483%26show_dialog%3Dtrue'}
DEBUG : 2019-03-03 09:58:45,809 : views : Spotify_getToken : request : {}
DEBUG : 2019-03-03 09:58:45,812 : spotify_calls : getState after save state : b3e03be8-9237-4db3-b33f-6f93b4bf5e86 user_id : sven scope :  access_token :  refresh_token :  expires_in : 0
DEBUG : 2019-03-03 09:58:46,101 : views : Spotify_getToken : response : {'spotify_url': 'https://accounts.spotify.com/login?continue=https%3A%2F%2Faccounts.spotify.com%2Fauthorize%3Fscope%3Duser-top-read%252Cuser-read-recently-played%252Cuser-read-email%252Cuser-read-birthdate%252Cuser-read-private%252Cplaylist-read-collaborative%252Cplaylist-read-private%252Cuser-library-read%252Cuser-read-playback-state%252Cuser-read-currently-playing%26response_type%3Dcode%26client_id%3De9c36faf168a4d30b49f0d846654dcc4%26redirect_uri%3Dhttp%253A%252F%252Fmusicmatcher-dev.eu-west-2.elasticbeanstalk.com%252Fspotify%252Fredirect%252F%26state%3Db3e03be8-9237-4db3-b33f-6f93b4bf5e86%26show_dialog%3Dtrue'}
DEBUG : 2019-03-03 14:21:17,879 : views : Spotify_getToken : request : {}
DEBUG : 2019-03-03 14:21:17,890 : spotify_calls : getState after save state : 4b917c25-fb1d-4b91-b261-3d32d9b8366d user_id : sven scope :  access_token :  refresh_token :  expires_in : 0
DEBUG : 2019-03-03 14:21:18,362 : views : Spotify_getToken : response : {'spotify_url': 'https://accounts.spotify.com/login?continue=https%3A%2F%2Faccounts.spotify.com%2Fauthorize%3Fscope%3Duser-top-read%252Cuser-read-recently-played%252Cuser-read-email%252Cuser-read-birthdate%252Cuser-read-private%252Cplaylist-read-collaborative%252Cplaylist-read-private%252Cuser-library-read%252Cuser-read-playback-state%252Cuser-read-currently-playing%26response_type%3Dcode%26client_id%3De9c36faf168a4d30b49f0d846654dcc4%26redirect_uri%3Dhttp%253A%252F%252Fmusicmatcher-dev.eu-west-2.elasticbeanstalk.com%252Fspotify%252Fredirect%252F%26state%3D4b917c25-fb1d-4b91-b261-3d32d9b8366d%26show_dialog%3Dtrue'}
DEBUG : 2019-03-03 20:04:25,145 : views : Spotify_getToken : request : {}
DEBUG : 2019-03-03 20:04:25,497 : views : Spotify_getToken : response : {'spotify_url': 'https://accounts.spotify.com/login?continue=https%3A%2F%2Faccounts.spotify.com%2Fauthorize%3Fscope%3Duser-top-read%252Cuser-read-recently-played%252Cuser-read-email%252Cuser-read-birthdate%252Cuser-read-private%252Cplaylist-read-collaborative%252Cplaylist-read-private%252Cuser-library-read%252Cuser-read-playback-state%252Cuser-read-currently-playing%26response_type%3Dcode%26client_id%3De9c36faf168a4d30b49f0d846654dcc4%26redirect_uri%3Dhttp%253A%252F%252Fmusicmatcher-dev.eu-west-2.elasticbeanstalk.com%252Fspotify%252Fredirect%252F%26state%3D984310a1-1579-44f8-80dd-57f08ef86260%26show_dialog%3Dtrue'}
DEBUG : 2019-03-03 20:04:30,648 : views : Spotify_getToken : request : {}
DEBUG : 2019-03-03 20:04:30,655 : spotify_calls : getState after save state : c1be94f7-d061-4407-99d5-f84eeeee75b7 user_id : sven scope :  access_token :  refresh_token :  expires_in : 0
DEBUG : 2019-03-03 20:04:31,155 : views : Spotify_getToken : response : {'spotify_url': 'https://accounts.spotify.com/login?continue=https%3A%2F%2Faccounts.spotify.com%2Fauthorize%3Fscope%3Duser-top-read%252Cuser-read-recently-played%252Cuser-read-email%252Cuser-read-birthdate%252Cuser-read-private%252Cplaylist-read-collaborative%252Cplaylist-read-private%252Cuser-library-read%252Cuser-read-playback-state%252Cuser-read-currently-playing%26response_type%3Dcode%26client_id%3De9c36faf168a4d30b49f0d846654dcc4%26redirect_uri%3Dhttp%253A%252F%252Fmusicmatcher-dev.eu-west-2.elasticbeanstalk.com%252Fspotify%252Fredirect%252F%26state%3Dc1be94f7-d061-4407-99d5-f84eeeee75b7%26show_dialog%3Dtrue'}
DEBUG : 2019-03-03 20:04:36,996 : views : Spotify_getToken : request : {}
DEBUG : 2019-03-03 20:04:37,002 : spotify_calls : getState after save state : c2163ed5-f0d6-47b4-8d78-4d4a347e1bc1 user_id : 1 scope :  access_token :  refresh_token :  expires_in : 0
DEBUG : 2019-03-03 20:04:37,306 : views : Spotify_getToken : request : {}
DEBUG : 2019-03-03 20:04:37,313 : spotify_calls : getState after save state : 0bea772b-6d39-419f-8de5-650de731e29d user_id : 1 scope :  access_token :  refresh_token :  expires_in : 0
DEBUG : 2019-03-03 20:04:37,331 : views : Spotify_getToken : response : {'spotify_url': 'https://accounts.spotify.com/login?continue=https%3A%2F%2Faccounts.spotify.com%2Fauthorize%3Fscope%3Duser-top-read%252Cuser-read-recently-played%252Cuser-read-email%252Cuser-read-birthdate%252Cuser-read-private%252Cplaylist-read-collaborative%252Cplaylist-read-private%252Cuser-library-read%252Cuser-read-playback-state%252Cuser-read-currently-playing%26response_type%3Dcode%26client_id%3De9c36faf168a4d30b49f0d846654dcc4%26redirect_uri%3Dhttp%253A%252F%252Fmusicmatcher-dev.eu-west-2.elasticbeanstalk.com%252Fspotify%252Fredirect%252F%26state%3Dc2163ed5-f0d6-47b4-8d78-4d4a347e1bc1%26show_dialog%3Dtrue'}
DEBUG : 2019-03-03 20:04:37,647 : views : Spotify_getToken : response : {'spotify_url': 'https://accounts.spotify.com/login?continue=https%3A%2F%2Faccounts.spotify.com%2Fauthorize%3Fscope%3Duser-top-read%252Cuser-read-recently-played%252Cuser-read-email%252Cuser-read-birthdate%252Cuser-read-private%252Cplaylist-read-collaborative%252Cplaylist-read-private%252Cuser-library-read%252Cuser-read-playback-state%252Cuser-read-currently-playing%26response_type%3Dcode%26client_id%3De9c36faf168a4d30b49f0d846654dcc4%26redirect_uri%3Dhttp%253A%252F%252Fmusicmatcher-dev.eu-west-2.elasticbeanstalk.com%252Fspotify%252Fredirect%252F%26state%3D0bea772b-6d39-419f-8de5-650de731e29d%26show_dialog%3Dtrue'}
DEBUG : 2019-03-03 20:05:33,360 : spotify_calls : refreshing  state : 0bea772b-6d39-419f-8de5-650de731e29d user_id : 1 scope :  access_token :  refresh_token :  expires_in : 0
DEBUG : 2019-03-03 20:06:30,804 : spotify_calls : refreshing  state : 0bea772b-6d39-419f-8de5-650de731e29d user_id : 1 scope :  access_token :  refresh_token :  expires_in : 0
DEBUG : 2019-03-03 20:07:06,167 : spotify_calls : refreshing  state : 0bea772b-6d39-419f-8de5-650de731e29d user_id : 1 scope :  access_token :  refresh_token :  expires_in : 0
DEBUG : 2019-03-03 20:13:15,059 : spotify_calls : refreshing  state : 0bea772b-6d39-419f-8de5-650de731e29d user_id : 1 scope :  access_token :  refresh_token :  expires_in : 0
DEBUG : 2019-03-03 20:41:22,941 : views : Spotify_getToken : request : {}
DEBUG : 2019-03-03 20:41:22,947 : spotify_calls : getState after save state : ec6ba681-3fe9-4cf9-b337-5d457409a33b user_id : 1 scope :  access_token :  refresh_token :  expires_in : 0
DEBUG : 2019-03-03 20:41:23,300 : views : Spotify_getToken : response : {'spotify_url': 'https://accounts.spotify.com/login?continue=https%3A%2F%2Faccounts.spotify.com%2Fauthorize%3Fscope%3Duser-top-read%252Cuser-read-recently-played%252Cuser-read-email%252Cuser-read-birthdate%252Cuser-read-private%252Cplaylist-read-collaborative%252Cplaylist-read-private%252Cuser-library-read%252Cuser-read-playback-state%252Cuser-read-currently-playing%26response_type%3Dcode%26client_id%3De9c36faf168a4d30b49f0d846654dcc4%26redirect_uri%3Dhttp%253A%252F%252Fmusicmatcher-dev.eu-west-2.elasticbeanstalk.com%252Fspotify%252Fredirect%252F%26state%3Dec6ba681-3fe9-4cf9-b337-5d457409a33b%26show_dialog%3Dtrue'}
DEBUG : 2019-03-03 20:41:55,208 : spotify_calls : refreshing  state : ec6ba681-3fe9-4cf9-b337-5d457409a33b user_id : 1 scope :  access_token :  refresh_token :  expires_in : 0
DEBUG : 2019-03-04 09:19:50,322 : views : Spotify_getToken : request : {}
DEBUG : 2019-03-04 09:19:50,596 : views : Spotify_getToken : response : {'spotify_url': 'https://accounts.spotify.com/login?continue=https%3A%2F%2Faccounts.spotify.com%2Fauthorize%3Fscope%3Duser-top-read%252Cuser-read-recently-played%252Cuser-read-email%252Cuser-read-birthdate%252Cuser-read-private%252Cplaylist-read-collaborative%252Cplaylist-read-private%252Cuser-library-read%252Cuser-read-playback-state%252Cuser-read-currently-playing%26response_type%3Dcode%26client_id%3De9c36faf168a4d30b49f0d846654dcc4%26redirect_uri%3Dhttp%253A%252F%252Fmusicmatcher-dev.eu-west-2.elasticbeanstalk.com%252Fspotify%252Fredirect%252F%26state%3D22a0d077-8a69-42d8-9394-c825ee5c0647%26show_dialog%3Dtrue'}
DEBUG : 2019-03-04 09:20:08,447 : spotify_calls : refreshing  state : 22a0d077-8a69-42d8-9394-c825ee5c0647 user_id : 1 scope :  access_token :  refresh_token :  expires_in : 0
DEBUG : 2019-03-04 09:20:09,478 : spotify_calls : refreshing  state : 22a0d077-8a69-42d8-9394-c825ee5c0647 user_id : 1 scope :  access_token :  refresh_token :  expires_in : 0
DEBUG : 2019-03-04 11:36:21,594 : spotify_calls : refreshing  state : 22a0d077-8a69-42d8-9394-c825ee5c0647 user_id : 1 scope :  access_token :  refresh_token :  expires_in : 0
DEBUG : 2019-03-04 11:36:21,865 : spotify_calls : refreshing  state : 22a0d077-8a69-42d8-9394-c825ee5c0647 user_id : 1 scope :  access_token :  refresh_token :  expires_in : 0
DEBUG : 2019-03-04 12:03:23,465 : views : Spotify_getToken : request : {}
DEBUG : 2019-03-04 12:03:23,472 : spotify_calls : getState after save state : 1e2d1062-5ef2-45bf-b50b-dde76f2b056a user_id : 1 scope :  access_token :  refresh_token :  expires_in : 0
DEBUG : 2019-03-04 12:03:23,734 : views : Spotify_getToken : response : {'spotify_url': 'https://accounts.spotify.com/login?continue=https%3A%2F%2Faccounts.spotify.com%2Fauthorize%3Fscope%3Duser-top-read%252Cuser-read-recently-played%252Cuser-read-email%252Cuser-read-birthdate%252Cuser-read-private%252Cplaylist-read-collaborative%252Cplaylist-read-private%252Cuser-library-read%252Cuser-read-playback-state%252Cuser-read-currently-playing%26response_type%3Dcode%26client_id%3De9c36faf168a4d30b49f0d846654dcc4%26redirect_uri%3Dhttp%253A%252F%252Fmusicmatcher-dev.eu-west-2.elasticbeanstalk.com%252Fspotify%252Fredirect%252F%26state%3D1e2d1062-5ef2-45bf-b50b-dde76f2b056a%26show_dialog%3Dtrue'}
DEBUG : 2019-03-04 12:03:23,985 : views : Spotify_getToken : request : {}
DEBUG : 2019-03-04 12:03:23,992 : spotify_calls : getState after save state : 57ef301f-1a3d-4d3e-8352-fd7d6c343dbc user_id : 1 scope :  access_token :  refresh_token :  expires_in : 0
DEBUG : 2019-03-04 12:03:24,236 : views : Spotify_getToken : response : {'spotify_url': 'https://accounts.spotify.com/login?continue=https%3A%2F%2Faccounts.spotify.com%2Fauthorize%3Fscope%3Duser-top-read%252Cuser-read-recently-played%252Cuser-read-email%252Cuser-read-birthdate%252Cuser-read-private%252Cplaylist-read-collaborative%252Cplaylist-read-private%252Cuser-library-read%252Cuser-read-playback-state%252Cuser-read-currently-playing%26response_type%3Dcode%26client_id%3De9c36faf168a4d30b49f0d846654dcc4%26redirect_uri%3Dhttp%253A%252F%252Fmusicmatcher-dev.eu-west-2.elasticbeanstalk.com%252Fspotify%252Fredirect%252F%26state%3D57ef301f-1a3d-4d3e-8352-fd7d6c343dbc%26show_dialog%3Dtrue'}
